Initialize server configurations
Connecting to database
Initialize sessions
CLEANUP SESSIONS AND ACL
DB NOT CONNECTED, RETRY
Start UDP server AT PORT 60001
Initialize message client
Start message loop
CONNECTING TO SDP MQTT SERVICE ...
Initialize firewal rulls
CONNECTED TO MQTT SERVICE
[1;36m[MQTT] gateway : DISCONNECTED[0m
SET FIREWALL DEFAULTS
INITIALIZE SDP FIREWALL RULES
FIREWALL RULES READY
[1;36m[MQTT] gateway/firewall/restore/default : [0m
[1;36m[MQTT] gateway : CONNECTED[0m
[1;36m[MQTT] gateway/aloha : [0m
DATA ARRIVES 27b352e0983f9b205c8fe314bdedfd20b493456a14e72628d25324cf1472db0b
   _______  ___ 
  / __/ _ \/ _ |
 _\ \/ ___/ __ |
/___/_/  /_/ |_|

27b352e0983f9b205c8fe314bdedfd20b493456a14e72628d25324cf1472db0b

DB OPERATION OK
SPA FROM 7110eda4d09e062a VALIDATED
UPDATE SERVER SESSION COUNTER: 1467
DB OPERATION OK
DB OPERATION OK
DB OPERATION OK
ADDED NEW SESSION ACL - USER:7110eda4d09e062a, CLIENT:4b2e27732510812c
CREATED NEW SESSION ID = afb43049
FIREWALL ALLOW MSG SERVER ACCESS FOR - 58.182.110.249
SESSION ACK CHECK STARTED ...
[1;36m[MQTT] up/7110eda4d09e062a/4b2e27732510812c : CONNECTED[0m
SEND SESSION ID TO CLIENT
 -- dn/7110eda4d09e062a/4b2e27732510812c/session_id
 -- afb43049
[1;36m[MQTT] up/7110eda4d09e062a/4b2e27732510812c/session_ack/afb43049 : ACK[0m
DB OPERATION OK
RECEIVED SESSION_ACK FROM CLIENT FOR - afb43049
USER 7110eda4d09e062a-4b2e27732510812c AUTH OK, ESTABLISH mTLS CONNECTION
DB OPERATION OK
CHECK IF SESSION IS CONNECTED - afb43049
DB OPERATION OK
SESSION ACK HANDLED
[1;36m[MQTT] up/7110eda4d09e062a/4b2e27732510812c/afb43049 : DISCONNECTED[0m
DELETE USER SESSION AND ACL - afb43049
DB OPERATION OK
CLOSE mTLS CONNECTION FOR afb43049
DELERE FIREWALL RULES ON GATEWAY
DATA ARRIVES 1b3fd20b4901aaffa17b3be284cea85b3a05723adadd966fbe73a7ad8d2c1e3c
   _______  ___ 
  / __/ _ \/ _ |
 _\ \/ ___/ __ |
/___/_/  /_/ |_|

1b3fd20b4901aaffa17b3be284cea85b3a05723adadd966fbe73a7ad8d2c1e3c

DB OPERATION OK
SPA FROM 7110eda4d09e062a VALIDATED
UPDATE SERVER SESSION COUNTER: 1472
DB OPERATION OK
DB OPERATION OK
DB OPERATION OK
ADDED NEW SESSION ACL - USER:7110eda4d09e062a, CLIENT:862f18db5be0ebae
CREATED NEW SESSION ID = 09166808
FIREWALL ALLOW MSG SERVER ACCESS FOR - 58.182.110.249
SESSION ACK CHECK STARTED ...
[1;36m[MQTT] up/7110eda4d09e062a/862f18db5be0ebae : CONNECTED[0m
SEND SESSION ID TO CLIENT
 -- dn/7110eda4d09e062a/862f18db5be0ebae/session_id
 -- 09166808
[1;36m[MQTT] up/7110eda4d09e062a/862f18db5be0ebae/session_ack/09166808 : ACK[0m
DB OPERATION OK
RECEIVED SESSION_ACK FROM CLIENT FOR - 09166808
USER 7110eda4d09e062a-862f18db5be0ebae AUTH OK, ESTABLISH mTLS CONNECTION
DB OPERATION OK
[1;36m[MQTT] gateway/config/reverse_proxy/auth_svc : [{"TEST_HTTP":{"HOST...[0m
[1;36m[MQTT] gateway/user/add/account : afb43049[0m
[1;36m[MQTT] gateway/user/add/pubkey : ssh-rsa AAAAB3NzaC1y...[0m
[1;36m[MQTT] gateway/user/delete/account : afb43049[0m
[1;36m[MQTT] gateway/config/reverse_proxy/auth_svc : [{"TEST_HTTP":{"HOST...[0m
[1;36m[MQTT] gateway/user/add/account : 09166808[0m
[1;36m[MQTT] gateway/user/add/pubkey : ssh-rsa AAAAB3NzaC1y...[0m
CHECK IF SESSION IS CONNECTED - 09166808
DB OPERATION OK
SESSION ACK HANDLED
[1;36m[MQTT] gateway/firewall/open/tcp22 : 58.182.110.249[0m
[1;36m[MQTT] gateway/firewall/open/tcp22 : 58.182.110.249[0m
[1;36m[MQTT] gateway/firewall/close/tcp22 : 58.182.110.249[0m
[1;36m[MQTT] gateway/firewall/close/tcp22 : 58.182.110.249[0m
[1;36m[MQTT] up/7110eda4d09e062a/862f18db5be0ebae/09166808 : DISCONNECTED[0m
DELETE USER SESSION AND ACL - 09166808
DB OPERATION OK
CLOSE mTLS CONNECTION FOR 09166808
DELERE FIREWALL RULES ON GATEWAY
[1;36m[MQTT] gateway/user/delete/account : 09166808[0m
DATA ARRIVES f8bb327f9b9210b5a75139e4f4ceb5a75bcf17b66f6544de7ee5581661128e4e
   _______  ___ 
  / __/ _ \/ _ |
 _\ \/ ___/ __ |
/___/_/  /_/ |_|

f8bb327f9b9210b5a75139e4f4ceb5a75bcf17b66f6544de7ee5581661128e4e

DB OPERATION OK
SPA FROM 7110eda4d09e062a VALIDATED
UPDATE SERVER SESSION COUNTER: 1475
DB OPERATION OK
DB OPERATION OK
DB OPERATION OK
ADDED NEW SESSION ACL - USER:7110eda4d09e062a, CLIENT:d746bb66241a8143
CREATED NEW SESSION ID = 1b3e476e
FIREWALL ALLOW MSG SERVER ACCESS FOR - 58.182.110.249
[1;36m[MQTT] up/7110eda4d09e062a/d746bb66241a8143 : CONNECTED[0m
SESSION ACK CHECK STARTED ...
SEND SESSION ID TO CLIENT
 -- dn/7110eda4d09e062a/d746bb66241a8143/session_id
 -- 1b3e476e
[1;36m[MQTT] up/7110eda4d09e062a/d746bb66241a8143/session_ack/1b3e476e : ACK[0m
DB OPERATION OK
RECEIVED SESSION_ACK FROM CLIENT FOR - 1b3e476e
USER 7110eda4d09e062a-d746bb66241a8143 AUTH OK, ESTABLISH mTLS CONNECTION
DB OPERATION OK
[1;36m[MQTT] gateway/config/reverse_proxy/auth_svc : [{"TEST_HTTP":{"HOST...[0m
[1;36m[MQTT] gateway/user/add/account : 1b3e476e[0m
[1;36m[MQTT] gateway/user/add/pubkey : ssh-rsa AAAAB3NzaC1y...[0m
[1;36m[MQTT] gateway/firewall/open/tcp22 : 58.182.110.249[0m
CHECK IF SESSION IS CONNECTED - 1b3e476e
DB OPERATION OK
SESSION ACK HANDLED
[1;36m[MQTT] gateway/firewall/close/tcp22 : 58.182.110.249[0m
UNABLE TO CONNECT SDP MQTT SERVICE
 [Errno 110] Connection timed out
Initialize message client
Start message loop
CONNECTING TO SDP MQTT SERVICE ...
Initialize firewal rulls
CONNECTED TO MQTT SERVICE
[1;36m[MQTT] gateway : CONNECTED[0m
SET FIREWALL DEFAULTS
INITIALIZE SDP FIREWALL RULES
FIREWALL RULES READY
[1;36m[MQTT] gateway : DISCONNECTED[0m
[1;36m[MQTT] gateway/firewall/restore/default : [0m
[1;36m[MQTT] gateway : CONNECTED[0m
[1;36m[MQTT] gateway/aloha : [0m
[1;36m[MQTT] gateway : DISCONNECTED[0m
[1;36m[MQTT] gateway : CONNECTED[0m
[1;36m[MQTT] gateway/aloha : [0m
DATA ARRIVES ec99ff9bee815a060b84d20f4b5a93f8bbed7dba2b881cb12bb64bd14d1358e0
   _______  ___ 
  / __/ _ \/ _ |
 _\ \/ ___/ __ |
/___/_/  /_/ |_|

ec99ff9bee815a060b84d20f4b5a93f8bbed7dba2b881cb12bb64bd14d1358e0

-1
None
MySQL Connection not available.
DB NOT CONNECTED, RETRY
SPA FROM 7110eda4d09e062a VALIDATED
UPDATE SERVER SESSION COUNTER: 1476
DB OPERATION OK
DB OPERATION OK
DB OPERATION OK
ADDED NEW SESSION ACL - USER:7110eda4d09e062a, CLIENT:418a9d3fcdb9aca2
CREATED NEW SESSION ID = 08532cae
FIREWALL ALLOW MSG SERVER ACCESS FOR - 58.182.110.249
[1;36m[MQTT] up/7110eda4d09e062a/418a9d3fcdb9aca2 : CONNECTED[0m
SESSION ACK CHECK STARTED ...
SEND SESSION ID TO CLIENT
 -- dn/7110eda4d09e062a/418a9d3fcdb9aca2/session_id
 -- 08532cae
[1;36m[MQTT] up/7110eda4d09e062a/418a9d3fcdb9aca2/session_ack/08532cae : ACK[0m
DB OPERATION OK
RECEIVED SESSION_ACK FROM CLIENT FOR - 08532cae
USER 7110eda4d09e062a-418a9d3fcdb9aca2 AUTH OK, ESTABLISH mTLS CONNECTION
DB OPERATION OK
[1;36m[MQTT] gateway/config/reverse_proxy/auth_svc : [{"TEST_HTTP":{"HOST...[0m
[1;36m[MQTT] gateway/user/add/account : 08532cae[0m
[1;36m[MQTT] gateway/user/add/pubkey : ssh-rsa AAAAB3NzaC1y...[0m
[1;36m[MQTT] gateway/firewall/open/tcp22 : 58.182.110.249[0m
CHECK IF SESSION IS CONNECTED - 08532cae
DB OPERATION OK
SESSION ACK HANDLED
[1;36m[MQTT] gateway/firewall/close/tcp22 : 58.182.110.249[0m
[1;36m[MQTT] up/7110eda4d09e062a/418a9d3fcdb9aca2/08532cae : DISCONNECTED[0m
DELETE USER SESSION AND ACL - 08532cae
DB OPERATION OK
CLOSE mTLS CONNECTION FOR 08532cae
DELERE FIREWALL RULES ON GATEWAY
[1;36m[MQTT] gateway/connection/kill/session_id : 08532cae[0m
[1;36m[MQTT] gateway/user/delete/account : 08532cae[0m
DATA ARRIVES 527b499478ce6b4794eb24bef962796bd5073c8d32453794b202053a498c27d7
   _______  ___ 
  / __/ _ \/ _ |
 _\ \/ ___/ __ |
/___/_/  /_/ |_|

527b499478ce6b4794eb24bef962796bd5073c8d32453794b202053a498c27d7

DB OPERATION OK
SPA FROM 7110eda4d09e062a VALIDATED
UPDATE SERVER SESSION COUNTER: 1478
DB OPERATION OK
DB OPERATION OK
DB OPERATION OK
ADDED NEW SESSION ACL - USER:7110eda4d09e062a, CLIENT:0207fb4dd23a31dc
CREATED NEW SESSION ID = 2e877767
FIREWALL ALLOW MSG SERVER ACCESS FOR - 58.182.110.249
[1;36m[MQTT] up/7110eda4d09e062a/0207fb4dd23a31dc : CONNECTED[0m
SESSION ACK CHECK STARTED ...
SEND SESSION ID TO CLIENT
 -- dn/7110eda4d09e062a/0207fb4dd23a31dc/session_id
 -- 2e877767
[1;36m[MQTT] up/7110eda4d09e062a/0207fb4dd23a31dc/session_ack/2e877767 : ACK[0m
DB OPERATION OK
RECEIVED SESSION_ACK FROM CLIENT FOR - 2e877767Initialize server configurations
Connecting to database
Initialize sessions
CLEANUP SESSIONS AND ACL
DB NOT CONNECTED, RETRY
Start UDP server AT PORT 60001
Initialize message client
Start message loop
CONNECTING TO SDP MQTT SERVICE ...
Initialize firewal rulls
CONNECTED TO MQTT SERVICE
[1;36m[MQTT] gateway : DISCONNECTED[0m
Traceback (most recent call last):
  File "./spa_service.py", line 397, in <module>
    time.sleep(1)
KeyboardInterrupt
Exception ignored in: <module 'threading' from '/usr/lib/python3.6/threading.py'>
Traceback (most recent call last):
  File "/usr/lib/python3.6/threading.py", line 1294, in _shutdown
    t.join()
  File "/usr/lib/python3.6/threading.py", line 1056, in join
    self._wait_for_tstate_lock()
  File "/usr/lib/python3.6/threading.py", line 1072, in _wait_for_tstate_lock
    elif lock.acquire(block, timeout):
KeyboardInterrupt
[1;36m[MQTT] gateway : CONNECTED[0m
[1;36m[MQTT] gateway/aloha : [0m
SET FIREWALL DEFAULTS
CLEANUP SESSIONS AND ACL
DB OPERATION OK
SET FIREWALL DEFAULTS

Bye!
Initialize server configurations
Connecting to database
Initialize sessions
CLEANUP SESSIONS AND ACL
DB NOT CONNECTED, RETRY
Start UDP server AT PORT 60001
Initialize message client
Start message loop
CONNECTING TO SDP MQTT SERVICE ...
Initialize firewal rulls
CONNECTED TO MQTT SERVICE
[1;36m[MQTT] gateway : DISCONNECTED[0m
SET FIREWALL DEFAULTS
INITIALIZE SDP FIREWALL RULES
FIREWALL RULES READY
[1;36m[MQTT] gateway/firewall/restore/default : [0m
[1;36m[MQTT] gateway : CONNECTED[0m
[1;36m[MQTT] gateway/aloha : [0m
DATA ARRIVES 27aa339173a6aeeea9d541b9e029f4a0bc6ca9196a1f056e4f016bd262ad209a
   _______  ___ 
  / __/ _ \/ _ |
 _\ \/ ___/ __ |
/___/_/  /_/ |_|

27aa339173a6aeeea9d541b9e029f4a0bc6ca9196a1f056e4f016bd262ad209a

DB OPERATION OK
SPA FROM 7110eda4d09e062a VALIDATED
UPDATE SERVER SESSION COUNTER: 1490
DB OPERATION OK
DB OPERATION OK
DB OPERATION OK
ADDED NEW SESSION ACL - USER:7110eda4d09e062a, CLIENT:16a93b059b4d0f07
CREATED NEW SESSION ID = 2a444904
FIREWALL ALLOW MSG SERVER ACCESS FOR - 151.192.65.78
[1;36m[MQTT] up/7110eda4d09e062a/16a93b059b4d0f07 : CONNECTED[0m
SESSION ACK CHECK STARTED ...
SEND SESSION ID TO CLIENT
 -- dn/7110eda4d09e062a/16a93b059b4d0f07/session_id
 -- 2a444904
[1;36m[MQTT] up/7110eda4d09e062a/16a93b059b4d0f07/session_ack/2a444904 : ACK[0m
DB OPERATION OK
RECEIVED SESSION_ACK FROM CLIENT FOR - 2a444904
USER 7110eda4d09e062a-16a93b059b4d0f07 AUTH OK, ESTABLISH mTLS CONNECTION
DB OPERATION OK
[1;36m[MQTT] gateway/config/reverse_proxy/2a444904/auth_svc : [{"TEST_HTTP":{"HOST...[0m
[1;36m[MQTT] gateway/user/add/account : 2a444904[0m
[1;36m[MQTT] gateway/user/add/pubkey : ssh-rsa AAAAB3NzaC1y...[0m
[1;36m[MQTT] gateway/firewall/open/tcp22 : 151.192.65.78[0m
CHECK IF SESSION IS CONNECTED - 2a444904
DB OPERATION OK
SESSION ACK HANDLED
[1;36m[MQTT] gateway/firewall/close/tcp22 : 151.192.65.78[0m
[1;36m[MQTT] up/7110eda4d09e062a/16a93b059b4d0f07/2a444904 : DISCONNECTED[0m
DELETE USER SESSION AND ACL - 2a444904
DB OPERATION OK
CLOSE mTLS CONNECTION FOR 2a444904
DELERE FIREWALL RULES ON GATEWAY
[1;36m[MQTT] gateway/connection/kill/session_id : 2a444904[0m
[1;36m[MQTT] gateway/user/delete/account : 2a444904[0m
DATA ARRIVES 3b020d13493fe3440a99fa13d557a92005ba568d0c4af5404f8d51d30e3eee7b
   _______  ___ 
  / __/ _ \/ _ |
 _\ \/ ___/ __ |
/___/_/  /_/ |_|

3b020d13493fe3440a99fa13d557a92005ba568d0c4af5404f8d51d30e3eee7b

DB OPERATION OK
SPA FROM 7110eda4d09e062a VALIDATED
UPDATE SERVER SESSION COUNTER: 1494
DB OPERATION OK
DB OPERATION OK
DB OPERATION OK
ADDED NEW SESSION ACL - USER:7110eda4d09e062a, CLIENT:aaf1a74269c3d08a
CREATED NEW SESSION ID = 26970056
FIREWALL ALLOW MSG SERVER ACCESS FOR - 151.192.65.78
SESSION ACK CHECK STARTED ...
[1;36m[MQTT] up/7110eda4d09e062a/aaf1a74269c3d08a : CONNECTED[0m
SEND SESSION ID TO CLIENT
 -- dn/7110eda4d09e062a/aaf1a74269c3d08a/session_id
 -- 26970056
[1;36m[MQTT] up/7110eda4d09e062a/aaf1a74269c3d08a/session_ack/26970056 : ACK[0m
DB OPERATION OK
RECEIVED SESSION_ACK FROM CLIENT FOR - 26970056
USER 7110eda4d09e062a-aaf1a74269c3d08a AUTH OK, ESTABLISH mTLS CONNECTION
DB OPERATION OK
[1;36m[MQTT] gateway/config/reverse_proxy/26970056/auth_svc : [{"TEST_HTTP":{"HOST...[0m
[1;36m[MQTT] gateway/user/add/account : 26970056[0m
[1;36m[MQTT] gateway/user/add/pubkey : ssh-rsa AAAAB3NzaC1y...[0m
[1;36m[MQTT] gateway/firewall/open/tcp22 : 151.192.65.78[0m
[1;36m[MQTT] up/7110eda4d09e062a/aaf1a74269c3d08a/26970056 : DISCONNECTED[0m
DELETE USER SESSION AND ACL - 26970056
DB OPERATION OK
CLOSE mTLS CONNECTION FOR 26970056
DELERE FIREWALL RULES ON GATEWAY
[1;36m[MQTT] gateway/user/delete/account : 26970056[0m
[1;36m[MQTT] gateway/firewall/close/tcp22 : 151.192.65.78[0m
MQTT SERVICE DISCONNECTED (1)
CONNECTING TO SDP MQTT SERVICE ...
UNABLE TO CONNECT SDP MQTT SERVICE
 [Errno 111] Connection refused
Initialize message client
Start message loop
CONNECTING TO SDP MQTT SERVICE ...
UNABLE TO CONNECT SDP MQTT SERVICE
 [Errno 111] Connection refused
Initialize firewal rulls
SET FIREWALL DEFAULTS
Initialize message client
Start message loop
CONNECTING TO SDP MQTT SERVICE ...
UNABLE TO CONNECT SDP MQTT SERVICE
 [Errno 111] Connection refused
Initialize firewal rulls
INITIALIZE SDP FIREWALL RULES
SET FIREWALL DEFAULTS
FIREWALL RULES READY
Initialize message client
Start message loop
CONNECTING TO SDP MQTT SERVICE ...
UNABLE TO CONNECT SDP MQTT SERVICE
 [Errno 111] Connection refused
Initialize firewal rulls
INITIALIZE SDP FIREWALL RULES
SET FIREWALL DEFAULTS
FIREWALL RULES READY
Initialize message client
Start message loop
CONNECTING TO SDP MQTT SERVICE ...
INITIALIZE SDP FIREWALL RULES
FIREWALL RULES READY
Initialize firewal rulls
CONNECTED TO MQTT SERVICE
MQTT SERVICE DISCONNECTED (5)
SET FIREWALL DEFAULTS
INITIALIZE SDP FIREWALL RULES
MQTT NOT CONNECTED!
FIREWALL RULES READY
CONNECTED TO MQTT SERVICE
[1;36m[MQTT] gateway : DISCONNECTED[0m
[1;36m[MQTT] gateway : CONNECTED[0m
[1;36m[MQTT] gateway/aloha : [0m
DATA ARRIVES 9896a67a656ebd6869cee13fe42adc3485c3a005456be259db72da071ce66d81
   _______  ___ 
  / __/ _ \/ _ |
 _\ \/ ___/ __ |
/___/_/  /_/ |_|

9896a67a656ebd6869cee13fe42adc3485c3a005456be259db72da071ce66d81

DB OPERATION OK
SPA FROM 7110eda4d09e062a VALIDATED
UPDATE SERVER SESSION COUNTER: 1497
DB OPERATION OK
DB OPERATION OK
DB OPERATION OK
ADDED NEW SESSION ACL - USER:7110eda4d09e062a, CLIENT:1a283f148ac8b17c
CREATED NEW SESSION ID = e0bba4ab
FIREWALL ALLOW MSG SERVER ACCESS FOR - 151.192.65.78
SESSION ACK CHECK STARTED ...
[1;36m[MQTT] up/7110eda4d09e062a/1a283f148ac8b17c : CONNECTED[0m
SEND SESSION ID TO CLIENT
 -- dn/7110eda4d09e062a/1a283f148ac8b17c/session_id
 -- e0bba4ab
[1;36m[MQTT] up/7110eda4d09e062a/1a283f148ac8b17c/session_ack/e0bba4ab : ACK[0m
DB OPERATION OK
RECEIVED SESSION_ACK FROM CLIENT FOR - e0bba4ab
USER 7110eda4d09e062a-1a283f148ac8b17c AUTH OK, ESTABLISH mTLS CONNECTION
DB OPERATION OK
[1;36m[MQTT] gateway/config/reverse_proxy/e0bba4ab/auth_svc : [{"TEST_HTTP":{"HOST...[0m
[1;36m[MQTT] gateway/user/add/account : e0bba4ab[0m
[1;36m[MQTT] gateway/user/add/pubkey : ssh-rsa AAAAB3NzaC1y...[0m
[1;36m[MQTT] gateway/firewall/open/tcp22 : 151.192.65.78[0m
[1;36m[MQTT] up/7110eda4d09e062a/1a283f148ac8b17c/e0bba4ab : DISCONNECTED[0m
DELETE USER SESSION AND ACL - e0bba4ab
DB OPERATION OK
CLOSE mTLS CONNECTION FOR e0bba4ab
DELERE FIREWALL RULES ON GATEWAY
[1;36m[MQTT] gateway/connection/kill/session_id : e0bba4ab[0m
[1;36m[MQTT] gateway/user/delete/account : e0bba4ab[0m
SESSION ACK RECEIVED
[1;36m[MQTT] gateway/firewall/close/tcp22 : 151.192.65.78[0m
DATA ARRIVES 74881e29fe99aca16ec16986e2ed71778d64d92eda36475e053da2b6b06db241
   _______  ___ 
  / __/ _ \/ _ |
 _\ \/ ___/ __ |
/___/_/  /_/ |_|

74881e29fe99aca16ec16986e2ed71778d64d92eda36475e053da2b6b06db241

DB OPERATION OK
SPA FROM 7110eda4d09e062a VALIDATED
UPDATE SERVER SESSION COUNTER: 1502
DB OPERATION OK
DB OPERATION OK
DB OPERATION OK
ADDED NEW SESSION ACL - USER:7110eda4d09e062a, CLIENT:74399f03a0ec1499
CREATED NEW SESSION ID = a8d19565
FIREWALL ALLOW MSG SERVER ACCESS FOR - 151.192.65.78
SESSION ACK CHECK STARTED ...
[1;36m[MQTT] up/7110eda4d09e062a/74399f03a0ec1499 : CONNECTED[0m
SEND SESSION ID TO CLIENT
 -- dn/7110eda4d09e062a/74399f03a0ec1499/session_id
 -- a8d19565
[1;36m[MQTT] up/7110eda4d09e062a/74399f03a0ec1499/session_ack/a8d19565 : ACK[0m
DB OPERATION OK
RECEIVED SESSION_ACK FROM CLIENT FOR - a8d19565
USER 7110eda4d09e062a-74399f03a0ec1499 AUTH OK, ESTABLISH mTLS CONNECTION
DB OPERATION OK
[1;36m[MQTT] gateway/config/reverse_proxy/a8d19565/auth_svc : [{"TEST_HTTP":{"HOST...[0m
[1;36m[MQTT] gateway/user/add/account : a8d19565[0m
[1;36m[MQTT] gateway/user/add/pubkey : ssh-rsa AAAAB3NzaC1y...[0m
[1;36m[MQTT] gateway/firewall/open/tcp22 : 151.192.65.78[0m
CHECK IF SESSION IS CONNECTED - a8d19565
DB OPERATION OK
SESSION ACK HANDLED
[1;36m[MQTT] gateway/firewall/close/tcp22 : 151.192.65.78[0m
[1;36m[MQTT] up/7110eda4d09e062a/74399f03a0ec1499/a8d19565 : DISCONNECTED[0m
DELETE USER SESSION AND ACL - a8d19565
DB OPERATION OK
CLOSE mTLS CONNECTION FOR a8d19565
DELERE FIREWALL RULES ON GATEWAY
[1;36m[MQTT] gateway/connection/kill/session_id : a8d19565[0m